<?xml version="1.0" encoding="UTF-8"?>
<!-- Generated by org.testng.reporters.JUnitReportReporter -->
<testsuite hostname="LAPTOP-VU9JH5KI" failures="0" tests="5" name="com.scuba.citi.Login" time="44.858" errors="0" timestamp="2020-06-30T15:43:17 IST" skipped="4">
  <testcase classname="com.scuba.citi.Login" name="Native" time="44.858"/>
  <system-out/>
  <testcase classname="com.scuba.citi.Login" name="account_Verification">
    <skipped/>
  </testcase> <!-- account_Verification -->
  <system-out/>
  <testcase classname="com.scuba.citi.Login" name="ownAccountTransfer">
    <skipped/>
  </testcase> <!-- ownAccountTransfer -->
  <system-out/>
  <testcase classname="com.scuba.citi.Login" name="Hybrid">
    <skipped/>
  </testcase> <!-- Hybrid -->
  <system-out/>
  <testcase classname="com.scuba.citi.Login" name="flow_Verification">
    <skipped/>
  </testcase> <!-- flow_Verification -->
  <system-out/>
</testsuite> <!-- com.scuba.citi.Login -->
