<?xml version="1.0" encoding="UTF-8"?>
<!-- Generated by org.testng.reporters.JUnitReportReporter -->
<testsuite hostname="LAPTOP-VU9JH5KI" failures="0" tests="1" name="com.picnic.appium.EriBank" time="17.454" errors="0" timestamp="2020-05-21T18:08:14 IST" skipped="0">
  <testcase classname="com.picnic.appium.EriBank" name="sampleTest" time="17.454"/>
  <system-out/>
</testsuite> <!-- com.picnic.appium.EriBank -->
