<?xml version="1.0" encoding="UTF-8"?>
<!-- Generated by org.testng.reporters.JUnitReportReporter -->
<testsuite hostname="LAPTOP-VU9JH5KI" failures="0" tests="1" name="com.picnic.appium.EmiCal" time="38.316" errors="0" timestamp="2020-05-21T23:52:52 IST" skipped="0">
  <testcase classname="com.picnic.appium.EmiCal" name="sampleTest" time="38.316"/>
  <system-out/>
</testsuite> <!-- com.picnic.appium.EmiCal -->
