<?xml version="1.0" encoding="UTF-8"?>
<!-- Generated by org.testng.reporters.JUnitReportReporter -->
<testsuite hostname="LAPTOP-VU9JH5KI" failures="0" tests="10" name="com.picnic.testng.Calculator" time="0.089" errors="0" timestamp="2020-07-03T01:36:32 IST" skipped="0">
  <testcase classname="com.picnic.testng.Calculator" name="count" time="0.011"/>
  <system-out/>
  <testcase classname="com.picnic.testng.Calculator" name="add" time="0.006"/>
  <system-out>
--1st Addition Completed:: 9  </system-out>
  <testcase classname="com.picnic.testng.Calculator" name="sub" time="0.003"/>
  <system-out>
--1st Subtraction Completed:: 3  </system-out>
  <testcase classname="com.picnic.testng.Calculator" name="mul" time="0.002"/>
  <system-out>
--1st Multiplication Completed:: 18  </system-out>
  <testcase classname="com.picnic.testng.Calculator" name="divInt" time="0.007"/>
  <system-out>
--1st Division for Integer Completed:: 2  </system-out>
  <testcase classname="com.picnic.testng.Calculator" name="divReal" time="0.038"/>
  <system-out>
--1st Division for Real Number Completed:: 2.0  </system-out>
  <testcase classname="com.picnic.testng.Calculator" name="exponent" time="0.006"/>
  <system-out>
--1st Exponent Completed:: 216  </system-out>
  <testcase classname="com.picnic.testng.Calculator" name="modulus" time="0.008"/>
  <system-out>
--1st Modulus Completed:: 0  </system-out>
  <testcase classname="com.picnic.testng.Calculator" name="inverse" time="0.005"/>
  <system-out>
--1st Inverse Completed:: 0.3333333333333333  </system-out>
  <testcase classname="com.picnic.testng.Calculator" name="negate" time="0.003"/>
  <system-out>
-1st Negation Completed:: -3  </system-out>
</testsuite> <!-- com.picnic.testng.Calculator -->
