<?xml version="1.0" encoding="UTF-8"?>
<!-- Generated by org.testng.reporters.JUnitReportReporter -->
<testsuite hostname="LAPTOP-VU9JH5KI" failures="0" tests="5" name="com.picnic.testng.Calculator2" time="0.009" errors="0" timestamp="2020-07-03T01:36:32 IST" skipped="0">
  <testcase classname="com.picnic.testng.Calculator2" name="count" time="0.001"/>
  <system-out/>
  <testcase classname="com.picnic.testng.Calculator2" name="add" time="0.002"/>
  <system-out>
--2nd Addition Completed:: 6  </system-out>
  <testcase classname="com.picnic.testng.Calculator2" name="sub" time="0.003"/>
  <system-out>
--2nd Subtraction Completed:: 2  </system-out>
  <testcase classname="com.picnic.testng.Calculator2" name="mul" time="0.001"/>
  <system-out>
--2nd Multiplication Completed:: 8  </system-out>
  <testcase classname="com.picnic.testng.Calculator2" name="divInt" time="0.002"/>
  <system-out>
--2nd Division for Integer Completed:: 2  </system-out>
</testsuite> <!-- com.picnic.testng.Calculator2 -->
