<?xml version="1.0" encoding="UTF-8"?>
<!-- Generated by org.testng.reporters.JUnitReportReporter -->
<testsuite hostname="LAPTOP-VU9JH5KI" failures="0" tests="1" name="com.picnic.appium.Calender" time="20.017" errors="0" timestamp="2020-05-20T17:01:07 IST" skipped="0">
  <testcase classname="com.picnic.appium.Calender" name="sampleTest" time="20.017"/>
  <system-out/>
</testsuite> <!-- com.picnic.appium.Calender -->
