<?xml version="1.0" encoding="UTF-8"?>
<!-- Generated by org.testng.reporters.JUnitReportReporter -->
<testsuite hostname="LAPTOP-VU9JH5KI" failures="0" tests="2" name="com.picnic.appium.NewTest" time="0.018" errors="0" timestamp="2020-06-26T14:57:40 IST" skipped="0">
  <testcase classname="com.picnic.appium.NewTest" name="f" time="0.014"/>
  <system-out/>
  <testcase classname="com.picnic.appium.NewTest" name="f" time="0.004"/>
  <system-out/>
</testsuite> <!-- com.picnic.appium.NewTest -->
